{
  "RSpec": {
    "coverage": {
      "/Users/thomashawley/Turing/Mod4/take_home_challenge/tea_subs/config/environment.rb": {
        "lines": [
          null,
          1,
          null,
          null,
          1
        ]
      },
      "/Users/thomashawley/Turing/Mod4/take_home_challenge/tea_subs/config/application.rb": {
        "lines": [
          1,
          null,
          1,
          null,
          1,
          1,
          1,
          1,
          1,
          1,
          1,
          1,
          1,
          1,
          null,
          null,
          null,
          null,
          1,
          null,
          1,
          1,
          null,
          1,
          null,
          null,
          null,
          null,
          null,
          null,
          null,
          null,
          null,
          null,
          null,
          null,
          1,
          null,
          null
        ]
      },
      "/Users/thomashawley/Turing/Mod4/take_home_challenge/tea_subs/config/boot.rb": {
        "lines": [
          1,
          null,
          1,
          1
        ]
      },
      "/Users/thomashawley/Turing/Mod4/take_home_challenge/tea_subs/config/environments/test.rb": {
        "lines": [
          1,
          null,
          null,
          null,
          null,
          null,
          null,
          1,
          null,
          null,
          null,
          1,
          null,
          null,
          null,
          null,
          1,
          null,
          null,
          1,
          1,
          null,
          null,
          null,
          null,
          1,
          1,
          1,
          null,
          null,
          1,
          null,
          null,
          1,
          null,
          null,
          1,
          null,
          1,
          null,
          null,
          null,
          null,
          1,
          null,
          null,
          1,
          null,
          null,
          1,
          null,
          null,
          1,
          null,
          null,
          null,
          null,
          null,
          null,
          null
        ]
      },
      "/Users/thomashawley/Turing/Mod4/take_home_challenge/tea_subs/config/initializers/cors.rb": {
        "lines": [
          null,
          null,
          null,
          null,
          null,
          null,
          null,
          null,
          null,
          null,
          null,
          null,
          null,
          null,
          null,
          null
        ]
      },
      "/Users/thomashawley/Turing/Mod4/take_home_challenge/tea_subs/config/initializers/filter_parameter_logging.rb": {
        "lines": [
          null,
          null,
          null,
          null,
          null,
          1,
          null,
          null
        ]
      },
      "/Users/thomashawley/Turing/Mod4/take_home_challenge/tea_subs/config/initializers/inflections.rb": {
        "lines": [
          null,
          null,
          null,
          null,
          null,
          null,
          null,
          null,
          null,
          null,
          null,
          null,
          null,
          null,
          null,
          null
        ]
      },
      "/Users/thomashawley/Turing/Mod4/take_home_challenge/tea_subs/config/routes.rb": {
        "lines": [
          1,
          null,
          null,
          null,
          null,
          null
        ]
      },
      "/Users/thomashawley/Turing/Mod4/take_home_challenge/tea_subs/app/models/subscription.rb": {
        "lines": [
          1,
          1,
          1,
          null
        ]
      },
      "/Users/thomashawley/Turing/Mod4/take_home_challenge/tea_subs/app/models/application_record.rb": {
        "lines": [
          1,
          1,
          null
        ]
      },
      "/Users/thomashawley/Turing/Mod4/take_home_challenge/tea_subs/spec/models/tea_spec.rb": {
        "lines": [
          1,
          null,
          1,
          1,
          2,
          2,
          null,
          null
        ]
      },
      "/Users/thomashawley/Turing/Mod4/take_home_challenge/tea_subs/app/models/tea.rb": {
        "lines": [
          1,
          1,
          1,
          null
        ]
      },
      "/Users/thomashawley/Turing/Mod4/take_home_challenge/tea_subs/spec/models/tea_subscription_spec.rb": {
        "lines": [
          1,
          null,
          1,
          1,
          2,
          2,
          null,
          null
        ]
      },
      "/Users/thomashawley/Turing/Mod4/take_home_challenge/tea_subs/app/models/tea_subscription.rb": {
        "lines": [
          1,
          1,
          1,
          null
        ]
      },
      "/Users/thomashawley/Turing/Mod4/take_home_challenge/tea_subs/spec/models/user_spec.rb": {
        "lines": [
          1,
          null,
          1,
          1,
          2,
          2,
          null,
          null
        ]
      },
      "/Users/thomashawley/Turing/Mod4/take_home_challenge/tea_subs/app/models/user.rb": {
        "lines": [
          1,
          1,
          1,
          null
        ]
      },
      "/Users/thomashawley/Turing/Mod4/take_home_challenge/tea_subs/spec/models/user_subscription_spec.rb": {
        "lines": [
          1,
          null,
          1,
          1,
          2,
          2,
          null,
          null
        ]
      },
      "/Users/thomashawley/Turing/Mod4/take_home_challenge/tea_subs/app/models/user_subscription.rb": {
        "lines": [
          1,
          1,
          1,
          null
        ]
      }
    },
    "timestamp": 1690333053
  }
}
